SF:lib/database/database.g.dart
DA:10,2
DA:13,4
DA:14,2
DA:19,2
DA:22,4
DA:23,2
DA:25,2
DA:30,4
DA:31,2
DA:36,4
DA:37,2
DA:41,2
DA:42,10
DA:43,2
DA:44,4
DA:45,2
DA:48,2
DA:51,2
DA:52,2
DA:53,2
DA:54,0
DA:56,2
DA:57,2
DA:58,6
DA:60,0
DA:62,2
DA:63,2
DA:64,6
DA:66,0
DA:68,2
DA:69,0
DA:70,0
DA:75,2
DA:76,2
DA:77,2
DA:79,0
DA:80,2
DA:81,4
DA:82,6
DA:83,4
DA:84,6
DA:85,4
DA:86,6
DA:87,4
DA:88,6
DA:92,0
DA:94,0
DA:103,2
DA:108,0
DA:110,0
DA:111,0
DA:112,0
DA:113,0
DA:114,0
DA:118,0
DA:119,0
DA:120,0
DA:121,0
DA:122,0
DA:123,0
DA:127,0
DA:129,0
DA:130,0
DA:131,0
DA:132,0
DA:133,0
DA:134,0
DA:137,0
DA:139,0
DA:140,0
DA:141,0
DA:142,0
DA:143,0
DA:144,0
DA:148,0
DA:150,0
DA:151,0
DA:152,0
DA:153,0
DA:154,0
DA:156,0
DA:157,0
DA:158,0
DA:159,0
DA:160,0
DA:161,0
DA:165,0
DA:167,0
DA:168,0
DA:169,0
DA:170,0
DA:171,0
DA:172,0
DA:173,0
DA:176,0
DA:177,0
DA:178,0
DA:181,0
DA:182,0
DA:183,0
DA:184,0
DA:185,0
DA:193,0
DA:199,2
DA:204,2
DA:205,2
DA:206,0
DA:212,0
DA:213,0
DA:214,0
DA:215,0
DA:216,0
DA:220,0
DA:225,0
DA:226,0
DA:227,0
DA:228,0
DA:229,0
DA:233,2
DA:235,2
DA:236,4
DA:237,0
DA:239,4
DA:240,8
DA:242,4
DA:243,8
DA:245,4
DA:246,0
DA:251,0
DA:253,0
DA:254,0
DA:255,0
DA:256,0
DA:257,0
DA:258,0
DA:259,0
DA:267,2
DA:270,4
DA:271,2
DA:276,2
DA:279,4
DA:280,2
DA:282,2
DA:287,4
DA:288,2
DA:293,4
DA:294,2
DA:299,4
DA:300,2
DA:307,4
DA:308,2
DA:312,2
DA:317,4
DA:318,2
DA:320,2
DA:322,16
DA:323,2
DA:324,4
DA:325,2
DA:328,2
DA:331,2
DA:332,2
DA:333,2
DA:334,4
DA:336,2
DA:337,2
DA:338,6
DA:340,0
DA:342,2
DA:343,2
DA:344,6
DA:346,2
DA:347,0
DA:349,0
DA:350,0
DA:352,2
DA:353,1
DA:354,3
DA:356,2
DA:357,1
DA:359,2
DA:360,1
DA:362,2
DA:363,1
DA:365,2
DA:366,1
DA:371,2
DA:372,2
DA:373,2
DA:375,0
DA:376,2
DA:377,4
DA:378,6
DA:379,4
DA:380,6
DA:381,4
DA:382,6
DA:383,6
DA:384,4
DA:385,4
DA:386,6
DA:387,4
DA:388,6
DA:389,4
DA:390,6
DA:394,0
DA:396,0
DA:408,2
DA:416,1
DA:418,1
DA:419,3
DA:420,3
DA:421,1
DA:422,3
DA:424,1
DA:425,3
DA:427,3
DA:428,3
DA:429,1
DA:430,3
DA:435,0
DA:436,0
DA:437,0
DA:438,0
DA:440,0
DA:441,0
DA:443,0
DA:444,0
DA:445,0
DA:446,0
DA:448,0
DA:452,0
DA:454,0
DA:455,0
DA:456,0
DA:457,0
DA:458,0
DA:459,0
DA:460,0
DA:461,0
DA:462,0
DA:465,0
DA:467,0
DA:468,0
DA:469,0
DA:470,0
DA:471,0
DA:472,0
DA:473,0
DA:474,0
DA:475,0
DA:479,1
DA:487,1
DA:488,1
DA:489,1
DA:490,2
DA:492,2
DA:493,1
DA:494,0
DA:495,2
DA:497,0
DA:498,0
DA:499,0
DA:500,0
DA:501,0
DA:502,0
DA:503,0
DA:504,0
DA:505,0
DA:507,0
DA:509,0
DA:513,0
DA:515,0
DA:516,0
DA:517,0
DA:518,0
DA:519,0
DA:520,0
DA:521,0
DA:522,0
DA:523,0
DA:524,0
DA:527,0
DA:528,0
DA:529,0
DA:530,0
DA:533,0
DA:534,0
DA:535,0
DA:536,0
DA:537,0
DA:538,0
DA:539,0
DA:540,0
DA:551,0
DA:560,2
DA:568,2
DA:569,0
DA:578,0
DA:579,0
DA:580,0
DA:581,0
DA:582,0
DA:583,0
DA:584,0
DA:585,0
DA:589,0
DA:597,0
DA:598,0
DA:599,0
DA:600,0
DA:601,0
DA:602,0
DA:603,0
DA:604,0
DA:608,2
DA:610,2
DA:611,4
DA:612,0
DA:614,4
DA:615,8
DA:617,4
DA:618,8
DA:620,4
DA:621,0
DA:623,4
DA:624,0
DA:626,4
DA:627,0
DA:629,4
DA:630,0
DA:635,0
DA:637,0
DA:638,0
DA:639,0
DA:640,0
DA:641,0
DA:642,0
DA:643,0
DA:644,0
DA:645,0
DA:646,0
DA:654,2
DA:657,4
DA:658,2
DA:663,2
DA:666,4
DA:667,2
DA:669,2
DA:675,4
DA:676,2
DA:681,4
DA:682,2
DA:686,2
DA:691,4
DA:692,2
DA:699,4
DA:700,2
DA:704,2
DA:706,14
DA:707,2
DA:708,4
DA:709,2
DA:712,2
DA:715,2
DA:716,2
DA:717,2
DA:718,0
DA:720,2
DA:721,2
DA:722,6
DA:724,0
DA:726,2
DA:727,2
DA:728,6
DA:730,0
DA:732,2
DA:733,0
DA:735,0
DA:736,0
DA:738,2
DA:739,0
DA:740,0
DA:742,2
DA:743,0
DA:744,0
DA:749,2
DA:750,2
DA:751,2
DA:753,0
DA:754,2
DA:755,4
DA:756,6
DA:757,4
DA:758,6
DA:759,4
DA:760,6
DA:761,4
DA:762,6
DA:763,4
DA:764,6
DA:765,4
DA:766,6
DA:770,0
DA:772,0
DA:783,2
DA:790,0
DA:792,0
DA:793,0
DA:794,0
DA:795,0
DA:796,0
DA:797,0
DA:798,0
DA:802,0
DA:803,0
DA:804,0
DA:805,0
DA:806,0
DA:807,0
DA:808,0
DA:809,0
DA:813,0
DA:815,0
DA:816,0
DA:817,0
DA:818,0
DA:819,0
DA:820,0
DA:821,0
DA:822,0
DA:825,0
DA:827,0
DA:828,0
DA:829,0
DA:830,0
DA:831,0
DA:832,0
DA:833,0
DA:834,0
DA:838,0
DA:845,0
DA:846,0
DA:847,0
DA:848,0
DA:849,0
DA:850,0
DA:851,0
DA:853,0
DA:854,0
DA:855,0
DA:856,0
DA:857,0
DA:859,0
DA:860,0
DA:861,0
DA:865,0
DA:867,0
DA:868,0
DA:869,0
DA:870,0
DA:871,0
DA:872,0
DA:873,0
DA:874,0
DA:875,0
DA:878,0
DA:880,0
DA:881,0
DA:884,0
DA:885,0
DA:886,0
DA:887,0
DA:888,0
DA:889,0
DA:890,0
DA:900,0
DA:908,2
DA:915,2
DA:916,2
DA:917,0
DA:925,0
DA:926,0
DA:927,0
DA:928,0
DA:929,0
DA:930,0
DA:931,0
DA:935,0
DA:942,0
DA:943,0
DA:944,0
DA:945,0
DA:946,0
DA:947,0
DA:948,0
DA:952,2
DA:954,2
DA:955,4
DA:956,0
DA:958,4
DA:959,8
DA:961,4
DA:962,8
DA:964,4
DA:965,0
DA:967,4
DA:968,0
DA:970,4
DA:971,0
DA:976,0
DA:978,0
DA:979,0
DA:980,0
DA:981,0
DA:982,0
DA:983,0
DA:984,0
DA:985,0
DA:986,0
DA:994,2
DA:997,4
DA:998,2
DA:1003,2
DA:1007,4
DA:1008,2
DA:1011,2
DA:1016,4
DA:1017,2
DA:1020,2
DA:1024,4
DA:1025,2
DA:1029,2
DA:1032,4
DA:1033,2
DA:1038,4
DA:1039,2
DA:1046,4
DA:1047,2
DA:1051,2
DA:1053,16
DA:1054,2
DA:1055,4
DA:1056,2
DA:1059,2
DA:1062,2
DA:1063,2
DA:1064,2
DA:1065,0
DA:1067,2
DA:1068,2
DA:1069,6
DA:1071,0
DA:1073,2
DA:1074,2
DA:1075,6
DA:1077,0
DA:1079,2
DA:1080,2
DA:1081,6
DA:1083,0
DA:1085,2
DA:1086,2
DA:1087,6
DA:1089,2
DA:1090,0
DA:1091,0
DA:1093,2
DA:1094,0
DA:1096,0
DA:1097,0
DA:1102,2
DA:1103,2
DA:1104,2
DA:1105,2
DA:1106,4
DA:1108,0
DA:1110,0
DA:1111,0
DA:1112,0
DA:1113,0
DA:1114,0
DA:1115,0
DA:1116,0
DA:1117,0
DA:1118,0
DA:1119,0
DA:1120,0
DA:1121,0
DA:1122,0
DA:1123,0
DA:1124,0
DA:1125,0
DA:1129,0
DA:1131,0
DA:1143,0
DA:1151,0
DA:1153,0
DA:1154,0
DA:1155,0
DA:1156,0
DA:1157,0
DA:1158,0
DA:1159,0
DA:1161,0
DA:1162,0
DA:1166,0
DA:1167,0
DA:1168,0
DA:1169,0
DA:1170,0
DA:1171,0
DA:1173,0
DA:1174,0
DA:1175,0
DA:1179,0
DA:1181,0
DA:1182,0
DA:1183,0
DA:1184,0
DA:1185,0
DA:1186,0
DA:1187,0
DA:1188,0
DA:1189,0
DA:1192,0
DA:1194,0
DA:1195,0
DA:1196,0
DA:1197,0
DA:1198,0
DA:1199,0
DA:1200,0
DA:1201,0
DA:1202,0
DA:1206,0
DA:1214,0
DA:1215,0
DA:1216,0
DA:1217,0
DA:1218,0
DA:1219,0
DA:1220,0
DA:1221,0
DA:1223,0
DA:1224,0
DA:1225,0
DA:1226,0
DA:1227,0
DA:1228,0
DA:1229,0
DA:1230,0
DA:1232,0
DA:1236,0
DA:1238,0
DA:1239,0
DA:1240,0
DA:1241,0
DA:1242,0
DA:1243,0
DA:1244,0
DA:1245,0
DA:1246,0
DA:1247,0
DA:1250,0
DA:1251,0
DA:1252,0
DA:1253,0
DA:1256,0
DA:1257,0
DA:1258,0
DA:1259,0
DA:1260,0
DA:1261,0
DA:1262,0
DA:1263,0
DA:1274,0
DA:1283,2
DA:1291,2
DA:1292,2
DA:1293,2
DA:1294,0
DA:1303,0
DA:1304,0
DA:1305,0
DA:1306,0
DA:1307,0
DA:1308,0
DA:1309,0
DA:1310,0
DA:1314,0
DA:1322,0
DA:1323,0
DA:1324,0
DA:1325,0
DA:1326,0
DA:1327,0
DA:1328,0
DA:1329,0
DA:1333,2
DA:1335,2
DA:1336,4
DA:1337,0
DA:1339,4
DA:1340,8
DA:1342,4
DA:1343,8
DA:1345,4
DA:1346,8
DA:1348,4
DA:1349,8
DA:1351,4
DA:1352,0
DA:1354,4
DA:1355,0
DA:1360,0
DA:1362,0
DA:1363,0
DA:1364,0
DA:1365,0
DA:1366,0
DA:1367,0
DA:1368,0
DA:1369,0
DA:1370,0
DA:1371,0
DA:1379,2
DA:1382,4
DA:1383,2
DA:1388,2
DA:1391,4
DA:1392,2
DA:1394,2
DA:1397,2
DA:1401,4
DA:1402,2
DA:1407,4
DA:1408,2
DA:1412,2
DA:1417,4
DA:1418,2
DA:1425,4
DA:1426,2
DA:1430,2
DA:1432,14
DA:1433,2
DA:1434,4
DA:1435,2
DA:1438,2
DA:1441,2
DA:1442,2
DA:1443,2
DA:1444,0
DA:1446,2
DA:1447,2
DA:1448,6
DA:1450,0
DA:1452,2
DA:1453,2
DA:1454,6
DA:1456,0
DA:1458,2
DA:1459,0
DA:1461,0
DA:1462,0
DA:1464,2
DA:1465,0
DA:1466,0
DA:1468,2
DA:1469,0
DA:1470,0
DA:1475,2
DA:1476,2
DA:1477,2
DA:1479,0
DA:1480,2
DA:1481,4
DA:1482,6
DA:1483,4
DA:1484,6
DA:1485,4
DA:1486,6
DA:1487,4
DA:1488,6
DA:1489,4
DA:1490,6
DA:1491,4
DA:1492,6
DA:1496,0
DA:1498,0
DA:1509,2
DA:1516,0
DA:1518,0
DA:1519,0
DA:1520,0
DA:1521,0
DA:1522,0
DA:1523,0
DA:1524,0
DA:1528,0
DA:1529,0
DA:1530,0
DA:1531,0
DA:1532,0
DA:1533,0
DA:1534,0
DA:1535,0
DA:1539,0
DA:1541,0
DA:1542,0
DA:1543,0
DA:1544,0
DA:1545,0
DA:1546,0
DA:1547,0
DA:1548,0
DA:1551,0
DA:1553,0
DA:1554,0
DA:1555,0
DA:1556,0
DA:1557,0
DA:1558,0
DA:1559,0
DA:1560,0
DA:1564,0
DA:1571,0
DA:1572,0
DA:1573,0
DA:1574,0
DA:1575,0
DA:1576,0
DA:1577,0
DA:1579,0
DA:1580,0
DA:1581,0
DA:1582,0
DA:1583,0
DA:1585,0
DA:1586,0
DA:1587,0
DA:1591,0
DA:1593,0
DA:1594,0
DA:1595,0
DA:1596,0
DA:1597,0
DA:1598,0
DA:1599,0
DA:1600,0
DA:1601,0
DA:1604,0
DA:1606,0
DA:1607,0
DA:1610,0
DA:1611,0
DA:1612,0
DA:1613,0
DA:1614,0
DA:1615,0
DA:1616,0
DA:1626,0
DA:1634,2
DA:1641,2
DA:1642,2
DA:1643,0
DA:1651,0
DA:1652,0
DA:1653,0
DA:1654,0
DA:1655,0
DA:1656,0
DA:1657,0
DA:1661,0
DA:1668,0
DA:1669,0
DA:1670,0
DA:1671,0
DA:1672,0
DA:1673,0
DA:1674,0
DA:1678,2
DA:1680,2
DA:1681,4
DA:1682,0
DA:1684,4
DA:1685,8
DA:1687,4
DA:1688,8
DA:1690,4
DA:1691,0
DA:1693,4
DA:1694,0
DA:1696,4
DA:1697,0
DA:1702,0
DA:1704,0
DA:1705,0
DA:1706,0
DA:1707,0
DA:1708,0
DA:1709,0
DA:1710,0
DA:1711,0
DA:1712,0
DA:1721,2
DA:1724,4
DA:1725,2
DA:1730,2
DA:1734,4
DA:1735,2
DA:1738,2
DA:1743,4
DA:1744,2
DA:1747,2
DA:1752,4
DA:1753,2
DA:1759,4
DA:1760,2
DA:1767,4
DA:1768,2
DA:1773,4
DA:1774,2
DA:1779,4
DA:1780,2
DA:1784,2
DA:1785,2
DA:1787,18
DA:1788,2
DA:1789,4
DA:1790,2
DA:1793,2
DA:1796,2
DA:1797,2
DA:1798,2
DA:1799,0
DA:1801,2
DA:1802,2
DA:1803,6
DA:1805,0
DA:1807,2
DA:1808,2
DA:1809,6
DA:1811,0
DA:1813,2
DA:1814,2
DA:1815,6
DA:1817,2
DA:1818,2
DA:1819,6
DA:1821,2
DA:1822,2
DA:1823,6
DA:1825,2
DA:1826,2
DA:1828,4
DA:1829,2
DA:1831,2
DA:1832,2
DA:1833,6
DA:1838,2
DA:1839,2
DA:1840,2
DA:1841,2
DA:1842,4
DA:1844,0
DA:1846,0
DA:1847,0
DA:1848,0
DA:1849,0
DA:1850,0
DA:1851,0
DA:1852,0
DA:1853,0
DA:1854,0
DA:1855,0
DA:1856,0
DA:1857,0
DA:1858,0
DA:1859,0
DA:1860,0
DA:1861,0
DA:1862,0
DA:1863,0
DA:1867,0
DA:1869,0
DA:1882,0
DA:1891,0
DA:1893,0
DA:1894,0
DA:1895,0
DA:1896,0
DA:1897,0
DA:1898,0
DA:1899,0
DA:1900,0
DA:1902,0
DA:1903,0
DA:1905,0
DA:1906,0
DA:1911,0
DA:1912,0
DA:1913,0
DA:1914,0
DA:1915,0
DA:1916,0
DA:1917,0
DA:1918,0
DA:1920,0
DA:1921,0
DA:1923,0
DA:1924,0
DA:1926,0
DA:1930,0
DA:1932,0
DA:1933,0
DA:1934,0
DA:1935,0
DA:1936,0
DA:1937,0
DA:1938,0
DA:1939,0
DA:1940,0
DA:1941,0
DA:1944,0
DA:1946,0
DA:1947,0
DA:1948,0
DA:1949,0
DA:1950,0
DA:1951,0
DA:1952,0
DA:1953,0
DA:1954,0
DA:1955,0
DA:1959,0
DA:1968,0
DA:1969,0
DA:1970,0
DA:1971,0
DA:1972,0
DA:1973,0
DA:1974,0
DA:1975,0
DA:1976,0
DA:1978,0
DA:1979,0
DA:1980,0
DA:1981,0
DA:1982,0
DA:1983,0
DA:1984,0
DA:1985,0
DA:1987,0
DA:1988,0
DA:1992,0
DA:1994,0
DA:1995,0
DA:1996,0
DA:1997,0
DA:1998,0
DA:1999,0
DA:2000,0
DA:2001,0
DA:2002,0
DA:2003,0
DA:2004,0
DA:2007,0
DA:2008,0
DA:2009,0
DA:2010,0
DA:2013,0
DA:2014,0
DA:2015,0
DA:2016,0
DA:2017,0
DA:2018,0
DA:2019,0
DA:2020,0
DA:2021,0
DA:2033,0
DA:2043,2
DA:2052,2
DA:2053,2
DA:2054,0
DA:2064,0
DA:2065,0
DA:2066,0
DA:2067,0
DA:2068,0
DA:2069,0
DA:2070,0
DA:2071,0
DA:2072,0
DA:2076,0
DA:2085,0
DA:2086,0
DA:2087,0
DA:2088,0
DA:2089,0
DA:2090,0
DA:2091,0
DA:2092,0
DA:2093,0
DA:2097,2
DA:2099,2
DA:2100,4
DA:2101,0
DA:2103,4
DA:2104,8
DA:2106,4
DA:2107,8
DA:2109,4
DA:2110,8
DA:2112,4
DA:2113,8
DA:2115,4
DA:2116,8
DA:2118,4
DA:2119,8
DA:2121,4
DA:2122,8
DA:2127,0
DA:2129,0
DA:2130,0
DA:2131,0
DA:2132,0
DA:2133,0
DA:2134,0
DA:2135,0
DA:2136,0
DA:2137,0
DA:2138,0
DA:2139,0
DA:2147,2
DA:2150,4
DA:2151,2
DA:2156,2
DA:2159,4
DA:2160,2
DA:2162,2
DA:2165,2
DA:2169,4
DA:2170,2
DA:2174,2
DA:2175,8
DA:2176,2
DA:2177,4
DA:2178,2
DA:2181,2
DA:2184,2
DA:2185,2
DA:2186,2
DA:2187,0
DA:2189,2
DA:2190,2
DA:2191,6
DA:2193,0
DA:2195,2
DA:2196,0
DA:2197,0
DA:2202,2
DA:2203,2
DA:2204,2
DA:2206,0
DA:2207,2
DA:2208,4
DA:2209,6
DA:2210,4
DA:2211,6
DA:2212,4
DA:2213,6
DA:2217,0
DA:2219,0
DA:2227,2
DA:2228,0
DA:2230,0
DA:2231,0
DA:2232,0
DA:2233,0
DA:2237,0
DA:2238,0
DA:2239,0
DA:2240,0
DA:2241,0
DA:2245,0
DA:2247,0
DA:2248,0
DA:2249,0
DA:2250,0
DA:2251,0
DA:2254,0
DA:2256,0
DA:2257,0
DA:2258,0
DA:2259,0
DA:2260,0
DA:2264,0
DA:2265,0
DA:2266,0
DA:2267,0
DA:2269,0
DA:2270,0
DA:2271,0
DA:2272,0
DA:2273,0
DA:2277,0
DA:2279,0
DA:2280,0
DA:2281,0
DA:2282,0
DA:2283,0
DA:2284,0
DA:2287,0
DA:2288,0
DA:2289,0
DA:2292,0
DA:2293,0
DA:2294,0
DA:2295,0
DA:2302,0
DA:2307,2
DA:2311,2
DA:2312,0
DA:2317,0
DA:2318,0
DA:2319,0
DA:2320,0
DA:2324,0
DA:2326,0
DA:2327,0
DA:2328,0
DA:2329,0
DA:2333,2
DA:2335,2
DA:2336,4
DA:2337,0
DA:2339,4
DA:2340,8
DA:2342,4
DA:2343,0
DA:2348,0
DA:2350,0
DA:2351,0
DA:2352,0
DA:2353,0
DA:2354,0
DA:2355,0
DA:2364,2
DA:2368,4
DA:2369,2
DA:2372,2
DA:2376,4
DA:2377,2
DA:2380,2
DA:2385,4
DA:2386,2
DA:2390,2
DA:2391,8
DA:2392,2
DA:2393,4
DA:2394,2
DA:2397,2
DA:2400,2
DA:2401,2
DA:2402,2
DA:2403,2
DA:2404,6
DA:2406,0
DA:2408,2
DA:2409,2
DA:2410,6
DA:2412,0
DA:2414,2
DA:2415,0
DA:2416,0
DA:2421,2
DA:2422,4
DA:2423,0
DA:2425,0
DA:2426,0
DA:2427,0
DA:2428,0
DA:2429,0
DA:2430,0
DA:2431,0
DA:2432,0
DA:2436,0
DA:2438,0
DA:2446,0
DA:2448,0
DA:2450,0
DA:2451,0
DA:2452,0
DA:2453,0
DA:2457,0
DA:2458,0
DA:2459,0
DA:2460,0
DA:2461,0
DA:2465,0
DA:2467,0
DA:2468,0
DA:2469,0
DA:2470,0
DA:2471,0
DA:2474,0
DA:2476,0
DA:2477,0
DA:2478,0
DA:2479,0
DA:2480,0
DA:2484,0
DA:2485,0
DA:2486,0
DA:2487,0
DA:2488,0
DA:2490,0
DA:2491,0
DA:2492,0
DA:2493,0
DA:2494,0
DA:2498,0
DA:2500,0
DA:2501,0
DA:2502,0
DA:2503,0
DA:2504,0
DA:2505,0
DA:2508,0
DA:2509,0
DA:2510,0
DA:2513,0
DA:2514,0
DA:2515,0
DA:2516,0
DA:2524,0
DA:2530,2
DA:2535,2
DA:2536,2
DA:2537,0
DA:2543,0
DA:2544,0
DA:2545,0
DA:2546,0
DA:2547,0
DA:2551,0
DA:2556,0
DA:2557,0
DA:2558,0
DA:2559,0
DA:2560,0
DA:2564,2
DA:2566,2
DA:2567,4
DA:2568,8
DA:2570,4
DA:2571,8
DA:2573,4
DA:2574,0
DA:2576,4
DA:2577,0
DA:2582,0
DA:2584,0
DA:2585,0
DA:2586,0
DA:2587,0
DA:2588,0
DA:2589,0
DA:2590,0
DA:2595,4
DA:2596,0
DA:2597,4
DA:2598,4
DA:2599,4
DA:2600,4
DA:2601,4
DA:2602,4
DA:2603,4
DA:2604,4
DA:2605,0
DA:2607,0
DA:2608,2
DA:2610,18
DA:2611,2
DA:2675,0
DA:2677,0
DA:2679,0
DA:2680,0
DA:2682,0
DA:2683,0
DA:2684,0
DA:2686,0
DA:2687,0
DA:2688,0
DA:2691,0
DA:2693,0
DA:2695,0
DA:2697,0
DA:2698,0
DA:2699,0
DA:2701,0
DA:2702,0
DA:2703,0
DA:2709,0
DA:2716,0
DA:2717,0
DA:2719,0
DA:2720,0
DA:2722,0
DA:2723,0
DA:2725,0
DA:2726,0
DA:2728,0
DA:2730,0
DA:2732,0
DA:2733,0
DA:2734,0
DA:2735,0
DA:2738,0
DA:2739,0
DA:2740,0
DA:2746,0
DA:2749,0
DA:2751,0
DA:2753,0
DA:2754,0
DA:2755,0
DA:2756,0
DA:2759,0
DA:2760,0
DA:2761,0
DA:2767,0
DA:2773,0
DA:2780,0
DA:2781,0
DA:2783,0
DA:2784,0
DA:2786,0
DA:2787,0
DA:2789,0
DA:2790,0
DA:2795,0
DA:2802,0
DA:2803,0
DA:2805,0
DA:2806,0
DA:2808,0
DA:2809,0
DA:2811,0
DA:2812,0
DA:2814,0
DA:2816,0
DA:2818,0
DA:2819,0
DA:2820,0
DA:2821,0
DA:2824,0
DA:2825,0
DA:2826,0
DA:2832,0
DA:2835,0
DA:2837,0
DA:2839,0
DA:2840,0
DA:2841,0
DA:2842,0
DA:2845,0
DA:2846,0
DA:2847,0
DA:2853,0
DA:2869,0
DA:2870,0
DA:2873,0
DA:2874,0
DA:2875,0
DA:2876,0
DA:2877,0
DA:2878,0
DA:2879,0
DA:2885,0
DA:2891,0
DA:2897,0
DA:2903,0
DA:2904,0
DA:2905,0
DA:2906,0
DA:2907,0
DA:2909,0
DA:2911,0
DA:2912,0
DA:2913,0
DA:2916,0
DA:2917,0
DA:2919,0
DA:2922,0
DA:2923,0
DA:2924,0
DA:2925,0
DA:2927,0
DA:2930,0
DA:2933,0
DA:2934,0
DA:2935,0
DA:2936,0
DA:2937,0
DA:2939,0
DA:2981,0
DA:2983,0
DA:2985,0
DA:2986,0
DA:2988,0
DA:2989,0
DA:2990,0
DA:2992,0
DA:2993,0
DA:2994,0
DA:2997,0
DA:2999,0
DA:3001,0
DA:3003,0
DA:3004,0
DA:3005,0
DA:3007,0
DA:3008,0
DA:3009,0
DA:3012,0
DA:3014,0
DA:3016,0
DA:3018,0
DA:3019,0
DA:3020,0
DA:3022,0
DA:3023,0
DA:3024,0
DA:3030,0
DA:3037,0
DA:3038,0
DA:3040,0
DA:3041,0
DA:3043,0
DA:3044,0
DA:3046,0
DA:3047,0
DA:3049,0
DA:3050,0
DA:3052,0
DA:3053,0
DA:3055,0
DA:3056,0
DA:3058,0
DA:3060,0
DA:3062,0
DA:3063,0
DA:3064,0
DA:3065,0
DA:3068,0
DA:3069,0
DA:3070,0
DA:3076,0
DA:3079,0
DA:3081,0
DA:3083,0
DA:3084,0
DA:3085,0
DA:3086,0
DA:3089,0
DA:3090,0
DA:3091,0
DA:3097,0
DA:3100,0
DA:3102,0
DA:3104,0
DA:3105,0
DA:3106,0
DA:3107,0
DA:3110,0
DA:3111,0
DA:3112,0
DA:3118,0
DA:3124,0
DA:3131,0
DA:3132,0
DA:3134,0
DA:3135,0
DA:3137,0
DA:3138,0
DA:3140,0
DA:3141,0
DA:3142,0
DA:3144,0
DA:3145,0
DA:3147,0
DA:3148,0
DA:3150,0
DA:3151,0
DA:3156,0
DA:3163,0
DA:3164,0
DA:3166,0
DA:3167,0
DA:3169,0
DA:3170,0
DA:3172,0
DA:3173,0
DA:3175,0
DA:3176,0
DA:3178,0
DA:3179,0
DA:3181,0
DA:3182,0
DA:3184,0
DA:3186,0
DA:3188,0
DA:3189,0
DA:3190,0
DA:3191,0
DA:3194,0
DA:3195,0
DA:3196,0
DA:3202,0
DA:3205,0
DA:3207,0
DA:3209,0
DA:3210,0
DA:3211,0
DA:3212,0
DA:3215,0
DA:3216,0
DA:3217,0
DA:3223,0
DA:3226,0
DA:3228,0
DA:3230,0
DA:3231,0
DA:3232,0
DA:3233,0
DA:3236,0
DA:3237,0
DA:3238,0
DA:3244,0
DA:3261,0
DA:3262,0
DA:3265,0
DA:3266,0
DA:3267,0
DA:3268,0
DA:3269,0
DA:3270,0
DA:3271,0
DA:3280,0
DA:3289,0
DA:3298,0
DA:3307,0
DA:3308,0
DA:3309,0
DA:3310,0
DA:3311,0
DA:3315,0
DA:3317,0
DA:3318,0
DA:3319,0
DA:3320,0
DA:3323,0
DA:3324,0
DA:3326,0
DA:3329,0
DA:3330,0
DA:3331,0
DA:3332,0
DA:3333,0
DA:3335,0
DA:3338,0
DA:3342,0
DA:3343,0
DA:3344,0
DA:3345,0
DA:3346,0
DA:3348,0
DA:3351,0
DA:3354,0
DA:3355,0
DA:3356,0
DA:3357,0
DA:3358,0
DA:3360,0
DA:3401,0
DA:3403,0
DA:3405,0
DA:3406,0
DA:3408,0
DA:3409,0
DA:3410,0
DA:3412,0
DA:3413,0
DA:3414,0
DA:3419,0
DA:3426,0
DA:3427,0
DA:3429,0
DA:3430,0
DA:3432,0
DA:3433,0
DA:3435,0
DA:3436,0
DA:3438,0
DA:3439,0
DA:3441,0
DA:3442,0
DA:3444,0
DA:3446,0
DA:3448,0
DA:3449,0
DA:3450,0
DA:3451,0
DA:3454,0
DA:3455,0
DA:3456,0
DA:3462,0
DA:3468,0
DA:3475,0
DA:3476,0
DA:3478,0
DA:3479,0
DA:3481,0
DA:3482,0
DA:3484,0
DA:3485,0
DA:3487,0
DA:3488,0
DA:3490,0
DA:3491,0
DA:3496,0
DA:3503,0
DA:3504,0
DA:3506,0
DA:3507,0
DA:3509,0
DA:3510,0
DA:3512,0
DA:3513,0
DA:3515,0
DA:3516,0
DA:3518,0
DA:3519,0
DA:3521,0
DA:3523,0
DA:3525,0
DA:3526,0
DA:3527,0
DA:3528,0
DA:3531,0
DA:3532,0
DA:3533,0
DA:3539,0
DA:3555,0
DA:3556,0
DA:3559,0
DA:3560,0
DA:3561,0
DA:3562,0
DA:3563,0
DA:3564,0
DA:3565,0
DA:3573,0
DA:3581,0
DA:3589,0
DA:3597,0
DA:3598,0
DA:3599,0
DA:3600,0
DA:3601,0
DA:3602,0
DA:3604,0
DA:3606,0
DA:3607,0
DA:3609,0
DA:3612,0
DA:3613,0
DA:3614,0
DA:3615,0
DA:3617,0
DA:3659,0
DA:3661,0
DA:3662,0
DA:3664,0
DA:3665,0
DA:3667,0
DA:3668,0
DA:3669,0
DA:3671,0
DA:3672,0
DA:3675,0
DA:3676,0
DA:3678,0
DA:3679,0
DA:3681,0
DA:3682,0
DA:3683,0
DA:3685,0
DA:3686,0
DA:3689,0
DA:3690,0
DA:3692,0
DA:3693,0
DA:3695,0
DA:3696,0
DA:3697,0
DA:3699,0
DA:3700,0
DA:3706,0
DA:3713,0
DA:3714,0
DA:3716,0
DA:3717,0
DA:3719,0
DA:3720,0
DA:3722,0
DA:3723,0
DA:3725,0
DA:3726,0
DA:3728,0
DA:3729,0
DA:3730,0
DA:3731,0
DA:3734,0
DA:3735,0
DA:3736,0
DA:3745,0
DA:3746,0
DA:3748,0
DA:3749,0
DA:3750,0
DA:3751,0
DA:3754,0
DA:3755,0
DA:3756,0
DA:3765,0
DA:3766,0
DA:3768,0
DA:3769,0
DA:3770,0
DA:3771,0
DA:3774,0
DA:3775,0
DA:3776,0
DA:3788,0
DA:3795,0
DA:3796,0
DA:3798,0
DA:3799,0
DA:3801,0
DA:3802,0
DA:3804,0
DA:3805,0
DA:3807,0
DA:3808,0
DA:3810,0
DA:3811,0
DA:3812,0
DA:3813,0
DA:3816,0
DA:3817,0
DA:3818,0
DA:3827,0
DA:3828,0
DA:3830,0
DA:3831,0
DA:3832,0
DA:3833,0
DA:3836,0
DA:3837,0
DA:3838,0
DA:3847,0
DA:3848,0
DA:3850,0
DA:3851,0
DA:3852,0
DA:3853,0
DA:3856,0
DA:3857,0
DA:3858,0
DA:3870,0
DA:3877,0
DA:3878,0
DA:3880,0
DA:3881,0
DA:3883,0
DA:3884,0
DA:3886,0
DA:3887,0
DA:3889,0
DA:3890,0
DA:3892,0
DA:3893,0
DA:3894,0
DA:3895,0
DA:3898,0
DA:3899,0
DA:3900,0
DA:3909,0
DA:3910,0
DA:3912,0
DA:3913,0
DA:3914,0
DA:3915,0
DA:3918,0
DA:3919,0
DA:3920,0
DA:3929,0
DA:3930,0
DA:3932,0
DA:3933,0
DA:3934,0
DA:3935,0
DA:3938,0
DA:3939,0
DA:3940,0
DA:3962,0
DA:3963,0
DA:3966,0
DA:3967,0
DA:3968,0
DA:3969,0
DA:3970,0
DA:3971,0
DA:3972,0
DA:3981,0
DA:3990,0
DA:3999,0
DA:4008,0
DA:4009,0
DA:4010,0
DA:4011,0
DA:4012,0
DA:4014,0
DA:4016,0
DA:4029,0
DA:4031,0
DA:4033,0
DA:4035,0
DA:4037,0
DA:4041,0
DA:4043,0
DA:4045,0
DA:4047,0
DA:4051,0
DA:4053,0
DA:4054,0
DA:4056,0
DA:4062,0
DA:4063,0
DA:4101,0
DA:4103,0
DA:4105,0
DA:4107,0
DA:4109,0
DA:4110,0
DA:4111,0
DA:4113,0
DA:4114,0
DA:4115,0
DA:4121,0
DA:4128,0
DA:4129,0
DA:4131,0
DA:4132,0
DA:4134,0
DA:4135,0
DA:4137,0
DA:4138,0
DA:4140,0
DA:4141,0
DA:4143,0
DA:4144,0
DA:4146,0
DA:4148,0
DA:4150,0
DA:4151,0
DA:4152,0
DA:4153,0
DA:4156,0
DA:4157,0
DA:4158,0
DA:4164,0
DA:4170,0
DA:4177,0
DA:4178,0
DA:4180,0
DA:4181,0
DA:4183,0
DA:4184,0
DA:4186,0
DA:4187,0
DA:4189,0
DA:4190,0
DA:4192,0
DA:4193,0
DA:4198,0
DA:4205,0
DA:4206,0
DA:4208,0
DA:4209,0
DA:4211,0
DA:4212,0
DA:4214,0
DA:4215,0
DA:4217,0
DA:4218,0
DA:4220,0
DA:4221,0
DA:4223,0
DA:4225,0
DA:4227,0
DA:4228,0
DA:4229,0
DA:4230,0
DA:4233,0
DA:4234,0
DA:4235,0
DA:4241,0
DA:4257,0
DA:4258,0
DA:4261,0
DA:4262,0
DA:4263,0
DA:4264,0
DA:4265,0
DA:4266,0
DA:4267,0
DA:4275,0
DA:4283,0
DA:4291,0
DA:4299,0
DA:4300,0
DA:4301,0
DA:4302,0
DA:4303,0
DA:4304,0
DA:4306,0
DA:4308,0
DA:4309,0
DA:4311,0
DA:4314,0
DA:4315,0
DA:4316,0
DA:4317,0
DA:4318,0
DA:4320,0
DA:4366,0
DA:4368,0
DA:4369,0
DA:4371,0
DA:4372,0
DA:4374,0
DA:4375,0
DA:4376,0
DA:4378,0
DA:4379,0
DA:4382,0
DA:4383,0
DA:4384,0
DA:4386,0
DA:4387,0
DA:4389,0
DA:4390,0
DA:4391,0
DA:4393,0
DA:4394,0
DA:4397,0
DA:4398,0
DA:4400,0
DA:4401,0
DA:4403,0
DA:4404,0
DA:4405,0
DA:4407,0
DA:4408,0
DA:4414,0
DA:4421,0
DA:4422,0
DA:4424,0
DA:4425,0
DA:4427,0
DA:4428,0
DA:4430,0
DA:4431,0
DA:4433,0
DA:4434,0
DA:4436,0
DA:4437,0
DA:4439,0
DA:4440,0
DA:4441,0
DA:4442,0
DA:4445,0
DA:4446,0
DA:4447,0
DA:4456,0
DA:4457,0
DA:4459,0
DA:4460,0
DA:4461,0
DA:4462,0
DA:4465,0
DA:4466,0
DA:4467,0
DA:4476,0
DA:4477,0
DA:4479,0
DA:4480,0
DA:4481,0
DA:4482,0
DA:4485,0
DA:4486,0
DA:4487,0
DA:4499,0
DA:4506,0
DA:4507,0
DA:4509,0
DA:4510,0
DA:4512,0
DA:4513,0
DA:4515,0
DA:4516,0
DA:4518,0
DA:4519,0
DA:4521,0
DA:4522,0
DA:4524,0
DA:4525,0
DA:4526,0
DA:4527,0
DA:4530,0
DA:4531,0
DA:4532,0
DA:4541,0
DA:4542,0
DA:4544,0
DA:4545,0
DA:4546,0
DA:4547,0
DA:4550,0
DA:4551,0
DA:4552,0
DA:4561,0
DA:4562,0
DA:4564,0
DA:4565,0
DA:4566,0
DA:4567,0
DA:4570,0
DA:4571,0
DA:4572,0
DA:4584,0
DA:4591,0
DA:4592,0
DA:4594,0
DA:4595,0
DA:4597,0
DA:4598,0
DA:4600,0
DA:4601,0
DA:4603,0
DA:4604,0
DA:4606,0
DA:4607,0
DA:4609,0
DA:4610,0
DA:4611,0
DA:4612,0
DA:4615,0
DA:4616,0
DA:4617,0
DA:4626,0
DA:4627,0
DA:4629,0
DA:4630,0
DA:4631,0
DA:4632,0
DA:4635,0
DA:4636,0
DA:4637,0
DA:4646,0
DA:4647,0
DA:4649,0
DA:4650,0
DA:4651,0
DA:4652,0
DA:4655,0
DA:4656,0
DA:4657,0
DA:4679,0
DA:4680,0
DA:4683,0
DA:4684,0
DA:4685,0
DA:4686,0
DA:4687,0
DA:4688,0
DA:4689,0
DA:4699,0
DA:4709,0
DA:4719,0
DA:4729,0
DA:4730,0
DA:4731,0
DA:4732,0
DA:4734,0
DA:4735,0
DA:4737,0
DA:4739,0
DA:4752,0
DA:4754,0
DA:4756,0
DA:4758,0
DA:4760,0
DA:4764,0
DA:4766,0
DA:4768,0
DA:4770,0
DA:4774,0
DA:4776,0
DA:4778,0
DA:4780,0
DA:4786,0
DA:4787,0
DA:4819,0
DA:4821,0
DA:4823,0
DA:4824,0
DA:4826,0
DA:4827,0
DA:4828,0
DA:4830,0
DA:4831,0
DA:4832,0
DA:4837,0
DA:4844,0
DA:4845,0
DA:4847,0
DA:4848,0
DA:4850,0
DA:4851,0
DA:4853,0
DA:4855,0
DA:4857,0
DA:4858,0
DA:4859,0
DA:4860,0
DA:4863,0
DA:4864,0
DA:4865,0
DA:4871,0
DA:4876,0
DA:4883,0
DA:4884,0
DA:4886,0
DA:4887,0
DA:4889,0
DA:4890,0
DA:4895,0
DA:4902,0
DA:4903,0
DA:4905,0
DA:4906,0
DA:4908,0
DA:4909,0
DA:4911,0
DA:4913,0
DA:4915,0
DA:4916,0
DA:4917,0
DA:4918,0
DA:4921,0
DA:4922,0
DA:4923,0
DA:4929,0
DA:4945,0
DA:4946,0
DA:4949,0
DA:4950,0
DA:4951,0
DA:4952,0
DA:4953,0
DA:4954,0
DA:4955,0
DA:4960,0
DA:4965,0
DA:4970,0
DA:4975,0
DA:4976,0
DA:4977,0
DA:4978,0
DA:4979,0
DA:4980,0
DA:4982,0
DA:4984,0
DA:4985,0
DA:4987,0
DA:4990,0
DA:4991,0
DA:4992,0
DA:4993,0
DA:4995,0
DA:5031,0
DA:5033,0
DA:5034,0
DA:5036,0
DA:5037,0
DA:5039,0
DA:5040,0
DA:5041,0
DA:5043,0
DA:5044,0
DA:5047,0
DA:5048,0
DA:5050,0
DA:5051,0
DA:5053,0
DA:5054,0
DA:5055,0
DA:5057,0
DA:5058,0
DA:5064,0
DA:5071,0
DA:5072,0
DA:5074,0
DA:5075,0
DA:5077,0
DA:5078,0
DA:5079,0
DA:5080,0
DA:5083,0
DA:5084,0
DA:5085,0
DA:5094,0
DA:5095,0
DA:5097,0
DA:5098,0
DA:5099,0
DA:5100,0
DA:5103,0
DA:5104,0
DA:5105,0
DA:5117,0
DA:5124,0
DA:5125,0
DA:5127,0
DA:5128,0
DA:5130,0
DA:5131,0
DA:5132,0
DA:5133,0
DA:5136,0
DA:5137,0
DA:5138,0
DA:5147,0
DA:5148,0
DA:5150,0
DA:5151,0
DA:5152,0
DA:5153,0
DA:5156,0
DA:5157,0
DA:5158,0
DA:5170,0
DA:5177,0
DA:5178,0
DA:5180,0
DA:5181,0
DA:5183,0
DA:5184,0
DA:5185,0
DA:5186,0
DA:5189,0
DA:5190,0
DA:5191,0
DA:5200,0
DA:5201,0
DA:5203,0
DA:5204,0
DA:5205,0
DA:5206,0
DA:5209,0
DA:5210,0
DA:5211,0
DA:5233,0
DA:5234,0
DA:5237,0
DA:5238,0
DA:5239,0
DA:5240,0
DA:5241,0
DA:5242,0
DA:5243,0
DA:5249,0
DA:5255,0
DA:5261,0
DA:5267,0
DA:5268,0
DA:5269,0
DA:5270,0
DA:5272,0
DA:5273,0
DA:5274,0
DA:5276,0
DA:5289,0
DA:5291,0
DA:5293,0
DA:5295,0
DA:5297,0
DA:5301,0
DA:5303,0
DA:5305,0
DA:5307,0
DA:5313,0
DA:5314,0
DA:5336,0
DA:5337,0
DA:5338,0
DA:5339,0
DA:5340,0
DA:5341,0
DA:5342,0
DA:5343,0
DA:5344,0
DA:5345,0
DA:5346,0
DA:5347,0
DA:5348,0
DA:5349,0
DA:5350,0
DA:5351,0
LF:2434
LH:510
end_of_record
SF:lib/database/database.dart
DA:24,0
DA:27,2
DA:29,2
DA:32,2
DA:33,2
DA:34,2
DA:35,2
DA:38,2
DA:41,2
DA:44,2
DA:47,2
DA:48,2
DA:50,0
DA:51,0
DA:53,0
DA:55,0
DA:57,0
DA:59,0
DA:61,0
DA:63,0
DA:65,0
DA:67,0
DA:69,0
DA:75,0
DA:78,0
DA:87,0
DA:90,0
DA:93,0
DA:100,0
DA:104,0
DA:105,0
DA:108,0
DA:110,0
DA:113,0
DA:114,0
DA:117,0
DA:118,0
DA:119,0
DA:121,0
DA:122,0
DA:123,0
DA:127,0
DA:128,0
DA:132,0
DA:133,0
DA:134,0
DA:137,0
DA:141,0
DA:143,0
DA:147,0
DA:149,0
DA:152,0
DA:154,0
DA:157,0
DA:158,0
DA:163,0
DA:164,0
DA:169,0
DA:173,0
DA:175,0
DA:177,0
DA:180,0
DA:181,0
DA:184,0
DA:185,0
DA:191,2
DA:192,4
DA:193,6
DA:194,2
DA:195,2
DA:196,2
DA:202,2
DA:203,4
DA:204,6
DA:205,2
DA:209,2
DA:213,2
DA:222,2
DA:223,4
DA:224,6
DA:225,2
DA:229,2
DA:233,2
DA:237,2
DA:247,1
DA:248,2
DA:250,3
DA:251,3
DA:252,3
DA:253,3
DA:254,3
DA:257,3
DA:258,3
DA:259,3
DA:262,1
DA:263,1
DA:264,1
DA:268,0
DA:269,0
DA:275,0
DA:276,0
DA:277,0
DA:278,0
DA:279,0
LF:104
LH:43
end_of_record
SF:lib/services/dancer/dancer_crud_service.dart
DA:9,2
DA:12,1
DA:13,1
DA:15,4
DA:16,5
DA:17,1
DA:21,1
DA:22,1
DA:24,4
DA:25,4
DA:26,5
DA:27,1
DA:31,2
DA:32,2
DA:33,2
DA:35,16
DA:36,2
DA:40,2
DA:41,4
DA:47,10
DA:48,2
DA:50,2
DA:54,4
DA:62,0
DA:71,0
DA:72,0
DA:79,0
DA:81,0
DA:82,0
DA:88,0
DA:89,0
DA:90,0
DA:91,0
DA:95,0
DA:97,0
DA:98,0
DA:99,0
DA:100,0
DA:106,0
DA:116,0
DA:117,0
DA:119,0
DA:123,0
DA:125,0
DA:126,0
DA:132,0
DA:133,0
DA:134,0
DA:138,0
DA:140,0
DA:141,0
DA:147,0
DA:148,0
DA:150,0
DA:157,0
DA:158,0
DA:163,0
DA:164,0
DA:165,0
DA:167,0
DA:174,0
DA:182,0
DA:183,0
DA:186,0
DA:187,0
DA:188,0
DA:190,0
DA:191,0
DA:193,0
DA:194,0
DA:200,0
DA:206,1
DA:207,2
DA:212,1
DA:214,1
DA:215,1
DA:221,1
DA:222,1
DA:223,1
DA:229,5
DA:230,1
DA:232,2
DA:236,2
DA:238,1
DA:244,0
DA:252,1
DA:253,2
DA:258,1
DA:260,1
DA:261,1
DA:267,1
DA:268,1
DA:269,1
DA:275,5
DA:276,1
DA:282,2
DA:284,1
DA:290,0
DA:291,0
DA:299,1
DA:300,1
DA:303,4
DA:304,4
DA:305,5
DA:306,1
DA:308,1
DA:309,1
DA:310,1
DA:315,0
DA:316,0
LF:110
LH:57
end_of_record
SF:lib/services/event_import_validator.dart
DA:10,1
DA:13,0
DA:17,0
DA:18,0
DA:19,0
DA:22,0
DA:26,0
DA:27,0
DA:32,0
DA:33,0
DA:35,0
DA:36,0
DA:37,0
DA:38,0
DA:39,0
DA:44,0
DA:45,0
DA:46,0
DA:48,0
DA:55,0
DA:59,0
DA:60,0
DA:64,0
DA:65,0
DA:66,0
DA:67,0
DA:76,0
DA:77,0
DA:84,0
DA:88,0
DA:90,0
DA:93,0
DA:94,0
DA:95,0
DA:98,0
DA:100,0
DA:101,0
DA:105,0
DA:106,0
DA:107,0
DA:109,0
DA:111,0
DA:112,0
DA:121,0
DA:122,0
DA:124,0
DA:126,0
DA:127,0
DA:129,0
DA:134,0
DA:135,0
DA:137,0
DA:143,0
DA:144,0
DA:146,0
DA:147,0
DA:148,0
DA:154,0
DA:156,0
DA:157,0
DA:159,0
DA:160,0
DA:161,0
DA:164,0
DA:168,0
DA:169,0
DA:171,0
DA:172,0
DA:176,0
DA:177,0
DA:179,0
DA:180,0
DA:181,0
DA:186,0
DA:187,0
DA:188,0
DA:189,0
DA:191,0
DA:192,0
DA:193,0
DA:195,0
DA:196,0
DA:198,0
DA:199,0
DA:200,0
DA:206,0
DA:207,0
DA:209,0
DA:210,0
DA:217,0
DA:218,0
DA:220,0
DA:221,0
DA:222,0
DA:227,0
DA:228,0
DA:230,0
DA:231,0
DA:232,0
DA:237,0
DA:239,0
DA:240,0
DA:241,0
DA:242,0
DA:252,0
DA:253,0
DA:257,0
DA:258,0
DA:259,0
DA:262,0
DA:264,0
DA:266,0
DA:270,1
DA:271,2
DA:272,1
DA:275,1
DA:278,5
DA:281,1
DA:283,2
DA:285,2
DA:286,2
DA:287,1
DA:292,1
DA:294,2
DA:296,1
DA:302,2
DA:303,1
DA:304,1
DA:311,1
DA:314,2
DA:316,1
DA:318,1
DA:327,1
DA:329,1
DA:331,2
DA:334,1
DA:337,2
DA:340,2
DA:343,3
DA:346,6
DA:349,2
DA:352,1
DA:353,4
DA:355,2
DA:359,2
DA:360,3
DA:361,3
DA:364,1
DA:365,2
DA:367,4
DA:368,1
DA:369,1
DA:370,1
DA:371,6
DA:373,1
DA:374,1
DA:375,1
DA:378,2
DA:379,6
DA:380,1
DA:381,1
DA:384,2
DA:385,1
DA:386,1
DA:389,2
DA:390,4
DA:391,4
DA:392,1
DA:393,9
DA:396,1
DA:397,1
DA:398,2
DA:399,4
DA:400,4
DA:403,1
DA:404,2
DA:406,2
DA:411,1
DA:415,1
DA:416,1
DA:418,3
DA:419,1
DA:420,5
DA:421,1
DA:425,1
DA:509,2
DA:510,3
DA:517,0
DA:518,0
DA:519,0
DA:522,0
DA:524,0
DA:526,0
DA:530,0
DA:532,0
DA:533,0
DA:534,0
DA:535,0
DA:543,0
DA:544,0
DA:545,0
DA:547,0
DA:548,0
DA:552,0
DA:553,0
DA:555,0
DA:559,0
DA:560,0
DA:562,0
DA:564,0
LF:210
LH:76
end_of_record
SF:lib/models/import_models.dart
DA:7,0
DA:13,0
DA:14,0
DA:15,0
DA:16,0
DA:17,0
DA:18,0
DA:19,0
DA:20,0
DA:21,0
DA:22,0
DA:23,0
DA:27,0
DA:28,0
DA:29,0
DA:30,0
DA:31,0
DA:35,0
DA:37,0
DA:39,0
DA:42,0
DA:43,0
DA:44,0
DA:45,0
DA:46,0
DA:49,0
DA:50,0
DA:60,0
DA:68,0
DA:69,0
DA:70,0
DA:71,0
DA:72,0
DA:74,0
DA:75,0
DA:76,0
DA:80,0
DA:81,0
DA:82,0
DA:83,0
DA:84,0
DA:85,0
DA:86,0
DA:97,0
DA:104,0
DA:108,0
DA:110,0
DA:116,0
DA:121,0
DA:129,0
DA:130,0
DA:143,0
DA:154,0
DA:155,0
DA:156,0
DA:157,0
DA:158,0
DA:160,0
DA:162,0
DA:178,0
DA:185,0
DA:191,0
DA:192,0
DA:193,0
DA:194,0
DA:195,0
DA:215,0
DA:223,0
DA:224,0
DA:226,0
DA:228,0
DA:239,1
DA:245,1
DA:247,1
DA:248,2
DA:254,1
DA:255,2
DA:260,1
DA:262,0
DA:265,1
DA:267,3
DA:268,1
DA:270,1
DA:271,1
DA:272,3
DA:273,1
DA:278,0
DA:279,0
DA:280,0
DA:282,0
DA:283,0
DA:287,0
DA:289,0
DA:291,0
DA:294,0
DA:295,0
DA:296,0
DA:297,0
DA:298,0
DA:301,0
DA:302,0
DA:311,1
DA:318,1
DA:320,1
DA:321,2
DA:327,1
DA:328,2
DA:334,1
DA:335,0
DA:336,0
DA:339,1
DA:340,1
DA:342,1
DA:343,1
DA:347,0
DA:348,0
DA:349,0
DA:350,0
DA:351,0
DA:352,0
DA:356,0
DA:358,0
DA:360,0
DA:363,0
DA:364,0
DA:365,0
DA:366,0
DA:367,0
DA:370,0
DA:371,0
DA:381,1
DA:389,1
DA:394,1
DA:396,1
DA:403,0
DA:408,0
DA:416,0
DA:423,0
DA:424,0
DA:425,0
DA:426,0
DA:427,0
DA:428,0
DA:432,0
DA:433,0
DA:450,0
DA:465,0
DA:466,0
DA:467,0
DA:468,0
DA:469,0
DA:470,0
DA:472,0
DA:474,0
DA:479,0
DA:498,0
DA:505,0
DA:506,0
DA:515,0
DA:522,0
DA:523,0
LF:161
LH:29
end_of_record
SF:lib/utils/action_logger.dart
DA:15,3
DA:16,6
DA:17,3
DA:18,3
DA:20,3
DA:21,3
DA:28,0
DA:29,0
DA:30,0
DA:31,0
DA:32,0
DA:34,0
DA:35,0
DA:43,0
DA:45,0
DA:46,0
DA:49,0
DA:52,0
DA:55,0
DA:56,0
DA:63,0
DA:64,0
DA:65,0
DA:66,0
DA:68,0
DA:69,0
DA:73,3
DA:74,3
DA:76,9
DA:77,3
DA:80,3
DA:82,8
DA:83,8
DA:84,3
DA:85,0
DA:86,3
DA:87,0
DA:89,3
DA:91,6
DA:92,3
DA:94,3
DA:100,2
DA:101,4
DA:105,1
DA:106,2
DA:110,0
DA:111,0
DA:115,3
DA:116,6
LF:49
LH:25
end_of_record
SF:lib/database/sample_data.dart
DA:9,2
DA:12,2
DA:13,2
DA:15,6
DA:16,8
DA:18,2
DA:20,2
DA:23,2
DA:25,2
DA:28,2
DA:30,8
DA:33,2
DA:35,2
DA:38,2
DA:40,2
DA:47,2
DA:50,12
DA:56,12
DA:62,12
DA:68,12
DA:74,12
DA:80,12
DA:86,12
DA:92,8
DA:93,8
DA:94,2
DA:95,8
DA:96,8
DA:97,2
DA:98,8
DA:99,8
DA:100,2
DA:103,6
DA:104,8
DA:106,4
DA:107,4
DA:110,4
DA:113,2
DA:114,2
DA:117,4
DA:118,4
DA:121,4
DA:124,4
DA:127,4
DA:128,4
DA:129,4
DA:135,2
DA:136,2
DA:137,2
DA:138,2
DA:139,2
DA:143,2
DA:145,2
DA:146,8
DA:147,2
DA:149,8
DA:150,2
DA:151,8
DA:152,2
DA:154,2
DA:157,10
DA:158,2
DA:161,8
DA:162,8
DA:163,2
DA:164,8
DA:165,8
DA:166,2
DA:167,8
DA:168,8
DA:169,2
DA:172,6
DA:173,4
DA:175,4
DA:177,8
DA:179,2
DA:180,2
DA:182,10
DA:183,2
DA:186,2
DA:187,2
DA:188,10
DA:189,2
DA:192,2
DA:193,2
DA:194,10
DA:195,2
DA:199,2
DA:200,2
DA:201,10
DA:202,2
DA:204,2
DA:205,2
DA:206,10
DA:207,2
DA:211,2
DA:212,2
DA:213,10
DA:214,2
DA:218,4
DA:220,8
DA:222,2
DA:223,2
DA:225,8
DA:226,2
DA:227,2
DA:230,2
DA:231,2
DA:233,8
DA:234,2
DA:235,2
DA:240,2
DA:241,2
DA:243,10
DA:244,2
DA:247,2
DA:248,2
DA:249,10
DA:250,2
DA:253,2
DA:254,2
DA:256,8
DA:257,2
DA:258,2
DA:262,4
DA:264,8
DA:266,2
DA:267,2
DA:269,8
DA:270,2
DA:271,2
DA:274,2
DA:275,2
DA:277,8
DA:278,2
DA:279,2
DA:282,2
DA:283,2
DA:285,8
DA:286,2
DA:287,2
DA:291,2
DA:292,2
DA:293,10
DA:294,2
DA:296,2
DA:297,2
DA:298,10
DA:299,2
DA:308,2
DA:310,2
DA:311,8
DA:312,2
DA:314,8
DA:315,4
DA:316,6
DA:317,2
DA:319,2
DA:322,10
DA:323,2
DA:325,8
DA:326,8
DA:327,2
DA:328,8
DA:329,8
DA:330,2
DA:331,8
DA:332,8
DA:333,2
DA:336,6
DA:337,4
DA:338,4
DA:340,2
DA:341,2
DA:343,8
DA:345,2
DA:346,2
DA:348,10
DA:349,4
DA:351,4
DA:353,4
DA:355,2
DA:356,2
DA:357,10
DA:358,4
DA:360,4
DA:362,4
DA:365,2
DA:366,2
DA:367,10
DA:368,4
DA:372,2
DA:373,2
DA:374,10
DA:375,4
DA:380,4
DA:382,2
DA:383,8
DA:385,2
DA:386,2
DA:388,10
DA:389,4
DA:391,4
DA:393,4
DA:395,2
DA:396,2
DA:397,10
DA:398,4
DA:401,4
DA:403,4
DA:405,2
DA:406,2
DA:407,10
DA:408,4
DA:410,4
DA:413,4
DA:416,2
DA:417,2
DA:419,10
DA:420,4
DA:423,4
DA:425,4
DA:428,4
DA:430,2
DA:431,8
DA:433,2
DA:434,2
DA:436,10
DA:437,4
DA:439,4
DA:441,4
DA:443,2
DA:444,2
DA:445,10
DA:446,4
DA:448,4
DA:450,4
DA:452,2
DA:453,2
DA:454,10
DA:455,4
DA:458,4
DA:460,4
DA:462,2
DA:463,2
DA:464,10
DA:465,4
DA:469,2
DA:470,2
DA:471,10
DA:472,4
DA:474,4
DA:476,4
LF:253
LH:253
end_of_record
SF:lib/database/tables.dart
DA:5,0
DA:6,0
DA:7,0
DA:8,0
DA:13,0
DA:14,0
DA:15,0
DA:16,0
DA:17,0
DA:18,0
DA:19,0
DA:24,0
DA:25,0
DA:26,0
DA:27,0
DA:28,0
DA:29,0
DA:30,0
DA:35,0
DA:36,0
DA:37,0
DA:38,0
DA:39,0
DA:40,0
DA:41,0
DA:46,0
DA:47,0
DA:48,0
DA:49,0
DA:50,0
DA:51,0
DA:52,0
DA:54,0
DA:55,0
DA:56,0
DA:62,0
DA:63,0
DA:64,0
DA:65,0
DA:66,0
DA:67,0
DA:68,0
DA:69,0
DA:71,0
DA:72,0
DA:73,0
DA:79,0
DA:80,0
DA:81,0
DA:86,0
DA:87,0
DA:88,0
DA:90,0
DA:91,0
LF:54
LH:0
end_of_record
SF:lib/models/dancer_with_tags.dart
DA:9,0
DA:17,0
DA:18,0
DA:19,0
DA:20,0
DA:23,0
DA:24,0
DA:28,0
DA:31,0
DA:33,0
DA:35,0
DA:36,0
LF:12
LH:0
end_of_record
SF:lib/services/dancer/dancer_event_service.dart
DA:10,1
DA:13,0
DA:14,0
DA:18,0
DA:20,0
DA:21,0
DA:22,0
DA:23,0
DA:26,0
DA:27,0
DA:28,0
DA:31,0
DA:32,0
DA:33,0
DA:34,0
DA:37,0
DA:38,0
DA:39,0
DA:42,0
DA:43,0
DA:44,0
DA:46,0
DA:48,0
DA:50,0
DA:51,0
DA:52,0
DA:53,0
DA:54,0
DA:55,0
DA:61,0
DA:62,0
DA:63,0
DA:67,0
DA:68,0
DA:76,0
DA:77,0
DA:78,0
DA:79,0
DA:80,0
DA:82,0
DA:83,0
DA:84,0
DA:85,0
DA:86,0
DA:87,0
DA:90,0
DA:93,0
DA:98,0
DA:99,0
DA:100,0
DA:101,0
DA:102,0
DA:103,0
DA:104,0
DA:105,0
DA:106,0
DA:107,0
DA:108,0
DA:109,0
DA:110,0
DA:111,0
DA:112,0
DA:113,0
DA:114,0
DA:124,0
DA:126,0
DA:127,0
DA:133,0
DA:134,0
DA:135,0
DA:138,0
DA:139,0
DA:140,0
DA:142,0
DA:143,0
DA:144,0
DA:145,0
DA:148,0
DA:149,0
DA:150,0
DA:151,0
DA:155,0
DA:157,0
DA:159,0
DA:160,0
DA:161,0
DA:162,0
DA:164,0
DA:165,0
DA:166,0
DA:167,0
DA:168,0
DA:169,0
DA:170,0
DA:172,0
DA:173,0
DA:175,0
DA:176,0
DA:177,0
DA:178,0
DA:181,0
DA:182,0
DA:183,0
DA:184,0
DA:185,0
DA:186,0
DA:190,0
DA:192,0
DA:193,0
DA:201,0
DA:203,0
DA:209,0
DA:210,0
DA:211,0
DA:212,0
DA:213,0
DA:215,0
DA:216,0
DA:217,0
DA:220,0
DA:221,0
DA:223,0
DA:225,0
DA:226,0
DA:227,0
DA:228,0
DA:230,0
DA:231,0
DA:232,0
DA:233,0
DA:234,0
DA:235,0
DA:236,0
DA:238,0
DA:240,0
DA:241,0
DA:249,0
DA:252,0
DA:254,0
DA:259,0
DA:260,0
DA:261,0
DA:262,0
DA:263,0
DA:265,0
DA:266,0
DA:267,0
DA:270,0
DA:271,0
DA:272,0
DA:274,0
DA:276,0
DA:277,0
DA:278,0
DA:279,0
DA:281,0
DA:282,0
DA:283,0
DA:284,0
DA:285,0
DA:286,0
DA:287,0
DA:289,0
DA:291,0
DA:293,0
LF:165
LH:1
end_of_record
SF:lib/services/dancer/dancer_models.dart
DA:21,0
DA:42,0
DA:43,0
DA:44,0
DA:45,0
DA:48,0
DA:49,0
DA:50,0
DA:61,0
DA:71,0
LF:10
LH:0
end_of_record
SF:lib/services/dancer/dancer_merge_service.dart
DA:11,1
DA:14,0
DA:15,0
DA:20,0
DA:23,0
DA:24,0
DA:33,0
DA:40,0
DA:41,0
DA:42,0
DA:43,0
DA:48,0
DA:55,0
DA:56,0
DA:57,0
DA:62,0
DA:69,0
DA:70,0
DA:71,0
DA:72,0
DA:77,0
DA:84,0
DA:85,0
DA:86,0
DA:91,0
DA:94,0
DA:95,0
DA:96,0
DA:101,0
DA:103,0
DA:108,0
DA:109,0
DA:111,0
DA:115,0
DA:116,0
DA:118,0
DA:119,0
DA:120,0
DA:123,0
DA:126,0
DA:127,0
DA:128,0
DA:129,0
DA:130,0
DA:134,0
DA:135,0
DA:136,0
DA:138,0
DA:139,0
DA:148,0
DA:151,0
LF:51
LH:1
end_of_record
SF:lib/services/dancer/dancer_search_service.dart
DA:11,1
DA:14,1
DA:15,2
DA:17,1
DA:20,1
DA:21,0
DA:24,4
DA:25,4
DA:26,5
DA:27,1
DA:31,1
DA:32,2
DA:34,1
DA:37,1
DA:38,0
DA:41,4
DA:42,7
DA:43,5
DA:44,1
LF:19
LH:17
end_of_record
SF:lib/services/dancer/dancer_tag_service.dart
DA:13,1
DA:16,0
DA:17,0
DA:20,0
DA:21,0
DA:22,0
DA:24,0
DA:26,0
DA:28,0
DA:29,0
DA:30,0
DA:31,0
DA:34,0
DA:35,0
DA:37,0
DA:39,0
DA:41,0
DA:49,0
DA:50,0
DA:56,0
DA:57,0
DA:60,0
DA:61,0
DA:66,0
DA:67,0
DA:70,0
DA:71,0
DA:72,0
DA:73,0
DA:75,0
DA:77,0
DA:79,0
DA:80,0
DA:81,0
DA:82,0
DA:85,0
DA:86,0
DA:88,0
DA:90,0
DA:92,0
DA:100,0
DA:101,0
DA:107,0
DA:108,0
DA:112,0
DA:113,0
DA:118,0
DA:119,0
DA:123,0
DA:124,0
DA:125,0
DA:126,0
DA:127,0
DA:129,0
DA:131,0
DA:133,0
DA:135,0
DA:136,0
DA:137,0
DA:138,0
DA:141,0
DA:142,0
DA:144,0
DA:146,0
DA:148,0
DA:156,0
DA:157,0
DA:163,0
DA:164,0
DA:168,0
DA:169,0
DA:174,0
DA:178,0
DA:179,0
DA:186,0
DA:187,0
DA:188,0
DA:189,0
DA:192,0
DA:193,0
DA:194,0
DA:197,0
DA:198,0
DA:201,0
DA:203,0
DA:205,0
DA:206,0
DA:207,0
DA:208,0
DA:212,0
DA:213,0
DA:214,0
DA:215,0
DA:218,0
DA:219,0
DA:220,0
DA:221,0
DA:222,0
DA:223,0
DA:224,0
DA:225,0
DA:226,0
DA:234,0
DA:235,0
DA:244,0
DA:248,0
DA:249,0
DA:255,0
DA:256,0
DA:261,0
DA:265,0
DA:266,0
DA:273,0
DA:274,0
DA:275,0
DA:276,0
DA:279,0
DA:280,0
DA:281,0
DA:284,0
DA:285,0
DA:288,0
DA:290,0
DA:292,0
DA:293,0
DA:294,0
DA:295,0
DA:298,0
DA:299,0
DA:300,0
DA:301,0
DA:308,0
DA:309,0
DA:310,0
DA:311,0
DA:312,0
DA:313,0
DA:322,0
DA:323,0
DA:332,0
DA:333,0
DA:337,0
DA:338,0
DA:339,0
DA:340,0
DA:342,0
DA:344,0
DA:345,0
DA:346,0
DA:347,0
DA:350,0
DA:351,0
DA:353,0
DA:355,0
DA:359,0
DA:360,0
DA:361,0
DA:363,0
DA:364,0
DA:365,0
DA:366,0
DA:367,0
DA:372,0
DA:373,0
DA:374,0
DA:377,0
DA:387,0
DA:388,0
DA:394,0
DA:395,0
DA:399,0
DA:400,0
LF:172
LH:1
end_of_record
SF:lib/services/dancer_service.dart
DA:21,1
DA:22,3
DA:23,4
DA:24,4
DA:25,4
DA:26,3
DA:30,3
DA:32,1
DA:33,2
DA:35,0
DA:37,0
DA:38,0
DA:40,0
DA:41,0
DA:43,0
DA:44,0
DA:46,0
DA:48,0
DA:51,0
DA:52,0
DA:54,0
DA:55,0
DA:57,0
DA:58,0
DA:61,1
DA:62,2
DA:64,1
DA:65,2
DA:68,0
DA:69,0
DA:71,0
DA:72,0
DA:74,0
DA:75,0
DA:77,0
DA:78,0
DA:80,0
DA:81,0
DA:83,0
DA:84,0
DA:86,0
DA:87,0
DA:90,0
DA:91,0
DA:93,0
DA:94,0
DA:97,0
DA:98,0
LF:48
LH:13
end_of_record
SF:lib/services/event_import_parser.dart
DA:8,1
DA:9,1
DA:12,1
DA:16,1
DA:19,0
DA:21,0
DA:22,0
DA:23,0
DA:30,1
DA:32,0
DA:33,0
DA:38,1
DA:39,1
DA:41,3
DA:43,1
DA:44,1
DA:45,1
DA:47,0
DA:48,0
DA:49,0
DA:51,0
DA:56,1
DA:58,1
DA:59,1
DA:60,1
DA:61,1
DA:66,1
DA:67,0
DA:73,0
DA:74,0
DA:75,0
DA:81,0
DA:82,0
DA:85,0
DA:88,0
DA:89,0
DA:94,0
DA:95,0
DA:96,0
DA:102,0
DA:103,0
DA:104,0
DA:105,0
DA:106,0
DA:113,0
DA:114,0
DA:115,0
DA:117,0
DA:118,0
DA:124,0
DA:125,0
DA:126,0
DA:127,0
DA:128,0
DA:134,0
DA:135,0
DA:136,0
DA:137,0
DA:138,0
DA:146,0
DA:147,0
DA:148,0
DA:149,0
DA:152,0
DA:153,0
DA:161,0
DA:162,0
DA:163,0
DA:168,0
DA:169,0
DA:175,0
DA:176,0
DA:179,0
DA:181,0
DA:184,0
DA:186,0
DA:187,0
DA:189,0
DA:191,0
DA:195,0
DA:196,0
DA:198,0
DA:199,0
DA:200,0
DA:202,0
DA:209,0
DA:210,0
DA:212,0
DA:213,0
DA:218,0
DA:219,0
DA:222,0
DA:227,0
DA:228,0
DA:229,0
DA:233,0
DA:234,0
LF:97
LH:17
end_of_record
